\BOOKMARK [0][-]{chapter.1}{Introduction}{}% 1
\BOOKMARK [1][-]{section.1.1}{Purpose}{chapter.1}% 2
\BOOKMARK [1][-]{section.1.2}{Goals and Objectives}{chapter.1}% 3
\BOOKMARK [1][-]{section.1.3}{Scope}{chapter.1}% 4
\BOOKMARK [1][-]{section.1.4}{Project Brief}{chapter.1}% 5
\BOOKMARK [2][-]{subsection.1.4.1}{Methodology}{section.1.4}% 6
\BOOKMARK [2][-]{subsection.1.4.2}{Technology Review}{section.1.4}% 7
\BOOKMARK [2][-]{subsection.1.4.3}{System Design}{section.1.4}% 8
\BOOKMARK [2][-]{subsection.1.4.4}{System Evaluation}{section.1.4}% 9
\BOOKMARK [0][-]{chapter.2}{Methodology}{}% 10
\BOOKMARK [1][-]{section.2.1}{Research Activities}{chapter.2}% 11
\BOOKMARK [1][-]{section.2.2}{Agile Development}{chapter.2}% 12
\BOOKMARK [0][-]{chapter.3}{Technology Review}{}% 13
\BOOKMARK [1][-]{section.3.1}{NodeJS}{chapter.3}% 14
\BOOKMARK [1][-]{section.3.2}{AngularJS}{chapter.3}% 15
\BOOKMARK [1][-]{section.3.3}{Twitter Bootstrap}{chapter.3}% 16
\BOOKMARK [1][-]{section.3.4}{AngularFire}{chapter.3}% 17
\BOOKMARK [1][-]{section.3.5}{Firebase}{chapter.3}% 18
\BOOKMARK [2][-]{subsection.3.5.1}{Firebase Real-time Database}{section.3.5}% 19
\BOOKMARK [1][-]{section.3.6}{Ionic Framework }{chapter.3}% 20
\BOOKMARK [0][-]{chapter.4}{System Design}{}% 21
\BOOKMARK [1][-]{section.4.1}{System Backend}{chapter.4}% 22
\BOOKMARK [2][-]{subsection.4.1.1}{Database}{section.4.1}% 23
\BOOKMARK [2][-]{subsection.4.1.2}{Admin Web Application}{section.4.1}% 24
\BOOKMARK [2][-]{subsection.4.1.3}{Online Image Storage Server }{section.4.1}% 25
\BOOKMARK [1][-]{section.4.2}{Front-end \(Ionic App\)}{chapter.4}% 26
\BOOKMARK [2][-]{subsection.4.2.1}{Landing Page}{section.4.2}% 27
\BOOKMARK [2][-]{subsection.4.2.2}{Lake Malawi Activities}{section.4.2}% 28
\BOOKMARK [2][-]{subsection.4.2.3}{National Parks and Wildlife Reserves}{section.4.2}% 29
\BOOKMARK [2][-]{subsection.4.2.4}{Events and Adventures}{section.4.2}% 30
\BOOKMARK [2][-]{subsection.4.2.5}{Events Notes/ Diary}{section.4.2}% 31
\BOOKMARK [2][-]{subsection.4.2.6}{Dictionary/ Word Phrases}{section.4.2}% 32
\BOOKMARK [2][-]{subsection.4.2.7}{Mountains and Plateaus}{section.4.2}% 33
\BOOKMARK [2][-]{subsection.4.2.8}{Historical Sites and Monuments}{section.4.2}% 34
\BOOKMARK [2][-]{subsection.4.2.9}{Cities}{section.4.2}% 35
\BOOKMARK [2][-]{subsection.4.2.10}{Travel Agents}{section.4.2}% 36
\BOOKMARK [0][-]{chapter.5}{System Evaluation}{}% 37
\BOOKMARK [1][-]{section.5.1}{Robustness}{chapter.5}% 38
\BOOKMARK [1][-]{section.5.2}{Performance based on space and time}{chapter.5}% 39
\BOOKMARK [1][-]{section.5.3}{Outcomes / outputs of the system}{chapter.5}% 40
\BOOKMARK [1][-]{section.5.4}{Limitations and opportunities}{chapter.5}% 41
\BOOKMARK [0][-]{chapter.6}{Conclusion}{}% 42
\BOOKMARK [0][-]{chapter.7}{Recommendations}{}% 43
\BOOKMARK [0][-]{chapter.8}{Appendix}{}% 44
